<testsuites id="" name="" tests="50" failures="3" skipped="0" errors="0" time="109.968">
<testsuite name="example.spec.ts" timestamp="1651736442184" hostname="" tests="25" failures="0" skipped="0" time="22.657" errors="0">
<testcase name="New Todo should allow me to add todo items" classname="[chromium] › example.spec.ts:14:3 › New Todo › should allow me to add todo items" time="1.07">
<system-out>

[[ATTACHMENT|../test-results/example-New-Todo-should-allow-me-to-add-todo-items-chromium/video.webm]]

[[ATTACHMENT|../test-results/example-New-Todo-should-allow-me-to-add-todo-items-chromium/trace.zip]]

[[ATTACHMENT|../test-results/example-New-Todo-should-allow-me-to-add-todo-items-chromium/test-finished-1.png]]

</system-out>
</testcase>
<testcase name="New Todo should clear text input field when an item is added" classname="[chromium] › example.spec.ts:37:3 › New Todo › should clear text input field when an item is added" time="0.633">
<system-out>

[[ATTACHMENT|../test-results/example-New-Todo-should-clear-text-input-field-when-an-item-is-added-chromium/video.webm]]

[[ATTACHMENT|../test-results/example-New-Todo-should-clear-text-input-field-when-an-item-is-added-chromium/trace.zip]]

[[ATTACHMENT|../test-results/example-New-Todo-should-clear-text-input-field-when-an-item-is-added-chromium/test-finished-1.png]]

</system-out>
</testcase>
<testcase name="New Todo should append new items to the bottom of the list" classname="[chromium] › example.spec.ts:47:3 › New Todo › should append new items to the bottom of the list" time="0.638">
<system-out>

[[ATTACHMENT|../test-results/example-New-Todo-should-append-new-items-to-the-bottom-of-the-list-chromium/video.webm]]

[[ATTACHMENT|../test-results/example-New-Todo-should-append-new-items-to-the-bottom-of-the-list-chromium/trace.zip]]

[[ATTACHMENT|../test-results/example-New-Todo-should-append-new-items-to-the-bottom-of-the-list-chromium/test-finished-1.png]]

</system-out>
</testcase>
<testcase name="New Todo should show #main and #footer when items added" classname="[chromium] › example.spec.ts:61:3 › New Todo › should show #main and #footer when items added" time="0.619">
<system-out>

[[ATTACHMENT|../test-results/example-New-Todo-should-show-main-and-footer-when-items-added-chromium/video.webm]]

[[ATTACHMENT|../test-results/example-New-Todo-should-show-main-and-footer-when-items-added-chromium/trace.zip]]

[[ATTACHMENT|../test-results/example-New-Todo-should-show-main-and-footer-when-items-added-chromium/test-finished-1.png]]

</system-out>
</testcase>
<testcase name="Mark all as completed should allow me to mark all items as completed" classname="[chromium] › example.spec.ts:81:3 › Mark all as completed › should allow me to mark all items as completed" time="0.691">
<system-out>

[[ATTACHMENT|../test-results/example-Mark-all-as-completed-should-allow-me-to-mark-all-items-as-completed-chromium/video.webm]]

[[ATTACHMENT|../test-results/example-Mark-all-as-completed-should-allow-me-to-mark-all-items-as-completed-chromium/trace.zip]]

[[ATTACHMENT|../test-results/example-Mark-all-as-completed-should-allow-me-to-mark-all-items-as-completed-chromium/test-finished-1.png]]

</system-out>
</testcase>
<testcase name="Mark all as completed should allow me to clear the complete state of all items" classname="[chromium] › example.spec.ts:90:3 › Mark all as completed › should allow me to clear the complete state of all items" time="0.635">
<system-out>

[[ATTACHMENT|../test-results/example-Mark-all-as-completed-should-allow-me-to-clear-the-complete-state-of-all-items-chromium/video.webm]]

[[ATTACHMENT|../test-results/example-Mark-all-as-completed-should-allow-me-to-clear-the-complete-state-of-all-items-chromium/trace.zip]]

[[ATTACHMENT|../test-results/example-Mark-all-as-completed-should-allow-me-to-clear-the-complete-state-of-all-items-chromium/test-finished-1.png]]

</system-out>
</testcase>
<testcase name="Mark all as completed complete all checkbox should update state when items are completed / cleared" classname="[chromium] › example.spec.ts:99:3 › Mark all as completed › complete all checkbox should update state when items are completed / cleared" time="0.7">
<system-out>

[[ATTACHMENT|../test-results/example-Mark-all-as-completed-complete-all-che-c0382-d-update-state-when-items-are-completed-cleared-chromium/video.webm]]

[[ATTACHMENT|../test-results/example-Mark-all-as-completed-complete-all-che-c0382-d-update-state-when-items-are-completed-cleared-chromium/trace.zip]]

[[ATTACHMENT|../test-results/example-Mark-all-as-completed-complete-all-che-c0382-d-update-state-when-items-are-completed-cleared-chromium/test-finished-1.png]]

</system-out>
</testcase>
<testcase name="Item should allow me to mark items as complete" classname="[chromium] › example.spec.ts:122:3 › Item › should allow me to mark items as complete" time="0.651">
<system-out>

[[ATTACHMENT|../test-results/example-Item-should-allow-me-to-mark-items-as-complete-chromium/video.webm]]

[[ATTACHMENT|../test-results/example-Item-should-allow-me-to-mark-items-as-complete-chromium/trace.zip]]

[[ATTACHMENT|../test-results/example-Item-should-allow-me-to-mark-items-as-complete-chromium/test-finished-1.png]]

</system-out>
</testcase>
<testcase name="Item should allow me to un-mark items as complete" classname="[chromium] › example.spec.ts:144:3 › Item › should allow me to un-mark items as complete" time="0.679">
<system-out>

[[ATTACHMENT|../test-results/example-Item-should-allow-me-to-un-mark-items-as-complete-chromium/video.webm]]

[[ATTACHMENT|../test-results/example-Item-should-allow-me-to-un-mark-items-as-complete-chromium/trace.zip]]

[[ATTACHMENT|../test-results/example-Item-should-allow-me-to-un-mark-items-as-complete-chromium/test-finished-1.png]]

</system-out>
</testcase>
<testcase name="Item should allow me to edit an item" classname="[chromium] › example.spec.ts:164:3 › Item › should allow me to edit an item" time="0.639">
<system-out>

[[ATTACHMENT|../test-results/example-Item-should-allow-me-to-edit-an-item-chromium/video.webm]]

[[ATTACHMENT|../test-results/example-Item-should-allow-me-to-edit-an-item-chromium/trace.zip]]

[[ATTACHMENT|../test-results/example-Item-should-allow-me-to-edit-an-item-chromium/test-finished-1.png]]

</system-out>
</testcase>
<testcase name="Editing should hide other controls when editing" classname="[chromium] › example.spec.ts:190:3 › Editing › should hide other controls when editing" time="0.633">
<system-out>

[[ATTACHMENT|../test-results/example-Editing-should-hide-other-controls-when-editing-chromium/video.webm]]

[[ATTACHMENT|../test-results/example-Editing-should-hide-other-controls-when-editing-chromium/trace.zip]]

[[ATTACHMENT|../test-results/example-Editing-should-hide-other-controls-when-editing-chromium/test-finished-1.png]]

</system-out>
</testcase>
<testcase name="Editing should save edits on blur" classname="[chromium] › example.spec.ts:198:3 › Editing › should save edits on blur" time="0.681">
<system-out>

[[ATTACHMENT|../test-results/example-Editing-should-save-edits-on-blur-chromium/video.webm]]

[[ATTACHMENT|../test-results/example-Editing-should-save-edits-on-blur-chromium/trace.zip]]

[[ATTACHMENT|../test-results/example-Editing-should-save-edits-on-blur-chromium/test-finished-1.png]]

</system-out>
</testcase>
<testcase name="Editing should trim entered text" classname="[chromium] › example.spec.ts:212:3 › Editing › should trim entered text" time="0.699">
<system-out>

[[ATTACHMENT|../test-results/example-Editing-should-trim-entered-text-chromium/video.webm]]

[[ATTACHMENT|../test-results/example-Editing-should-trim-entered-text-chromium/trace.zip]]

[[ATTACHMENT|../test-results/example-Editing-should-trim-entered-text-chromium/test-finished-1.png]]

</system-out>
</testcase>
<testcase name="Editing should remove the item if an empty text string was entered" classname="[chromium] › example.spec.ts:226:3 › Editing › should remove the item if an empty text string was entered" time="0.699">
<system-out>

[[ATTACHMENT|../test-results/example-Editing-should-remove-the-item-if-an-empty-text-string-was-entered-chromium/video.webm]]

[[ATTACHMENT|../test-results/example-Editing-should-remove-the-item-if-an-empty-text-string-was-entered-chromium/trace.zip]]

[[ATTACHMENT|../test-results/example-Editing-should-remove-the-item-if-an-empty-text-string-was-entered-chromium/test-finished-1.png]]

</system-out>
</testcase>
<testcase name="Editing should cancel edits on escape" classname="[chromium] › example.spec.ts:238:3 › Editing › should cancel edits on escape" time="0.636">
<system-out>

[[ATTACHMENT|../test-results/example-Editing-should-cancel-edits-on-escape-chromium/video.webm]]

[[ATTACHMENT|../test-results/example-Editing-should-cancel-edits-on-escape-chromium/trace.zip]]

[[ATTACHMENT|../test-results/example-Editing-should-cancel-edits-on-escape-chromium/test-finished-1.png]]

</system-out>
</testcase>
<testcase name="Counter should display the current number of todo items" classname="[chromium] › example.spec.ts:247:3 › Counter › should display the current number of todo items" time="0.584">
<system-out>

[[ATTACHMENT|../test-results/example-Counter-should-display-the-current-number-of-todo-items-chromium/video.webm]]

[[ATTACHMENT|../test-results/example-Counter-should-display-the-current-number-of-todo-items-chromium/trace.zip]]

[[ATTACHMENT|../test-results/example-Counter-should-display-the-current-number-of-todo-items-chromium/test-finished-1.png]]

</system-out>
</testcase>
<testcase name="Clear completed button should display the correct text" classname="[chromium] › example.spec.ts:265:3 › Clear completed button › should display the correct text" time="1.862">
<system-out>

[[ATTACHMENT|../test-results/example-Clear-completed-button-should-display-the-correct-text-chromium/video.webm]]

[[ATTACHMENT|../test-results/example-Clear-completed-button-should-display-the-correct-text-chromium/trace.zip]]

[[ATTACHMENT|../test-results/example-Clear-completed-button-should-display-the-correct-text-chromium/test-finished-1.png]]

</system-out>
</testcase>
<testcase name="Clear completed button should remove completed items when clicked" classname="[chromium] › example.spec.ts:270:3 › Clear completed button › should remove completed items when clicked" time="0.749">
<system-out>

[[ATTACHMENT|../test-results/example-Clear-completed-button-should-remove-completed-items-when-clicked-chromium/video.webm]]

[[ATTACHMENT|../test-results/example-Clear-completed-button-should-remove-completed-items-when-clicked-chromium/trace.zip]]

[[ATTACHMENT|../test-results/example-Clear-completed-button-should-remove-completed-items-when-clicked-chromium/test-finished-1.png]]

</system-out>
</testcase>
<testcase name="Clear completed button should be hidden when there are no items that are completed" classname="[chromium] › example.spec.ts:278:3 › Clear completed button › should be hidden when there are no items that are completed" time="1.002">
<system-out>

[[ATTACHMENT|../test-results/example-Clear-completed-button-should-be-hidden-when-there-are-no-items-that-are-completed-chromium/video.webm]]

[[ATTACHMENT|../test-results/example-Clear-completed-button-should-be-hidden-when-there-are-no-items-that-are-completed-chromium/trace.zip]]

[[ATTACHMENT|../test-results/example-Clear-completed-button-should-be-hidden-when-there-are-no-items-that-are-completed-chromium/test-finished-1.png]]

</system-out>
</testcase>
<testcase name="Persistence should persist its data" classname="[chromium] › example.spec.ts:286:3 › Persistence › should persist its data" time="1.833">
<system-out>

[[ATTACHMENT|../test-results/example-Persistence-should-persist-its-data-chromium/video.webm]]

[[ATTACHMENT|../test-results/example-Persistence-should-persist-its-data-chromium/trace.zip]]

[[ATTACHMENT|../test-results/example-Persistence-should-persist-its-data-chromium/test-finished-1.png]]

</system-out>
</testcase>
<testcase name="Routing should allow me to display active items" classname="[chromium] › example.spec.ts:316:3 › Routing › should allow me to display active items" time="0.866">
<system-out>

[[ATTACHMENT|../test-results/example-Routing-should-allow-me-to-display-active-items-chromium/video.webm]]

[[ATTACHMENT|../test-results/example-Routing-should-allow-me-to-display-active-items-chromium/trace.zip]]

[[ATTACHMENT|../test-results/example-Routing-should-allow-me-to-display-active-items-chromium/test-finished-1.png]]

</system-out>
</testcase>
<testcase name="Routing should respect the back button" classname="[chromium] › example.spec.ts:324:3 › Routing › should respect the back button" time="1.185">
<system-out>

[[ATTACHMENT|../test-results/example-Routing-should-respect-the-back-button-chromium/video.webm]]

[[ATTACHMENT|../test-results/example-Routing-should-respect-the-back-button-chromium/trace.zip]]

[[ATTACHMENT|../test-results/example-Routing-should-respect-the-back-button-chromium/test-finished-1.png]]

</system-out>
</testcase>
<testcase name="Routing should allow me to display completed items" classname="[chromium] › example.spec.ts:348:3 › Routing › should allow me to display completed items" time="0.931">
<system-out>

[[ATTACHMENT|../test-results/example-Routing-should-allow-me-to-display-completed-items-chromium/video.webm]]

[[ATTACHMENT|../test-results/example-Routing-should-allow-me-to-display-completed-items-chromium/trace.zip]]

[[ATTACHMENT|../test-results/example-Routing-should-allow-me-to-display-completed-items-chromium/test-finished-1.png]]

</system-out>
</testcase>
<testcase name="Routing should allow me to display all items" classname="[chromium] › example.spec.ts:355:3 › Routing › should allow me to display all items" time="2.349">
<system-out>

[[ATTACHMENT|../test-results/example-Routing-should-allow-me-to-display-all-items-chromium/video.webm]]

[[ATTACHMENT|../test-results/example-Routing-should-allow-me-to-display-all-items-chromium/trace.zip]]

[[ATTACHMENT|../test-results/example-Routing-should-allow-me-to-display-all-items-chromium/test-finished-1.png]]

</system-out>
</testcase>
<testcase name="Routing should highlight the currently applied filter" classname="[chromium] › example.spec.ts:364:3 › Routing › should highlight the currently applied filter" time="0.993">
<system-out>

[[ATTACHMENT|../test-results/example-Routing-should-highlight-the-currently-applied-filter-chromium/video.webm]]

[[ATTACHMENT|../test-results/example-Routing-should-highlight-the-currently-applied-filter-chromium/trace.zip]]

[[ATTACHMENT|../test-results/example-Routing-should-highlight-the-currently-applied-filter-chromium/test-finished-1.png]]

</system-out>
</testcase>
</testsuite>
<testsuite name="example.spec.ts" timestamp="1651736442184" hostname="" tests="25" failures="3" skipped="0" time="109.053" errors="0">
<testcase name="New Todo should allow me to add todo items" classname="[Mobile Safari] › example.spec.ts:14:3 › New Todo › should allow me to add todo items" time="0.867">
<system-out>

[[ATTACHMENT|../test-results/example-New-Todo-should-allow-me-to-add-todo-items-Mobile-Safari/video.webm]]

[[ATTACHMENT|../test-results/example-New-Todo-should-allow-me-to-add-todo-items-Mobile-Safari/trace.zip]]

[[ATTACHMENT|../test-results/example-New-Todo-should-allow-me-to-add-todo-items-Mobile-Safari/test-finished-1.png]]

</system-out>
</testcase>
<testcase name="New Todo should clear text input field when an item is added" classname="[Mobile Safari] › example.spec.ts:37:3 › New Todo › should clear text input field when an item is added" time="0.597">
<system-out>

[[ATTACHMENT|../test-results/example-New-Todo-should-clear-text-input-field-when-an-item-is-added-Mobile-Safari/video.webm]]

[[ATTACHMENT|../test-results/example-New-Todo-should-clear-text-input-field-when-an-item-is-added-Mobile-Safari/trace.zip]]

[[ATTACHMENT|../test-results/example-New-Todo-should-clear-text-input-field-when-an-item-is-added-Mobile-Safari/test-finished-1.png]]

</system-out>
</testcase>
<testcase name="New Todo should append new items to the bottom of the list" classname="[Mobile Safari] › example.spec.ts:47:3 › New Todo › should append new items to the bottom of the list" time="0.832">
<system-out>

[[ATTACHMENT|../test-results/example-New-Todo-should-append-new-items-to-the-bottom-of-the-list-Mobile-Safari/video.webm]]

[[ATTACHMENT|../test-results/example-New-Todo-should-append-new-items-to-the-bottom-of-the-list-Mobile-Safari/trace.zip]]

[[ATTACHMENT|../test-results/example-New-Todo-should-append-new-items-to-the-bottom-of-the-list-Mobile-Safari/test-finished-1.png]]

</system-out>
</testcase>
<testcase name="New Todo should show #main and #footer when items added" classname="[Mobile Safari] › example.spec.ts:61:3 › New Todo › should show #main and #footer when items added" time="0.613">
<system-out>

[[ATTACHMENT|../test-results/example-New-Todo-should-show-main-and-footer-when-items-added-Mobile-Safari/video.webm]]

[[ATTACHMENT|../test-results/example-New-Todo-should-show-main-and-footer-when-items-added-Mobile-Safari/trace.zip]]

[[ATTACHMENT|../test-results/example-New-Todo-should-show-main-and-footer-when-items-added-Mobile-Safari/test-finished-1.png]]

</system-out>
</testcase>
<testcase name="Mark all as completed should allow me to mark all items as completed" classname="[Mobile Safari] › example.spec.ts:81:3 › Mark all as completed › should allow me to mark all items as completed" time="30.089">
<failure message="example.spec.ts:81:3 should allow me to mark all items as completed" type="FAILURE">
  [Mobile Safari] › example.spec.ts:81:3 › Mark all as completed › should allow me to mark all items as completed 

    Timeout of 30000ms exceeded.

    locator.check: Target closed
    =========================== logs ===========================
    waiting for selector ".toggle-all"
      selector resolved to visible &lt;input id="toggle-all" type="checkbox" class="toggle-al…/>
    attempting click action
      waiting for element to be visible, enabled and stable
      element is visible, enabled and stable
      scrolling into view if needed
      done scrolling
      performing click action
      &lt;html lang="en" data-framework="typescript">…&lt;/html> intercepts pointer events
    retrying click action, attempt #1
      waiting for element to be visible, enabled and stable
      element is visible, enabled and stable
      scrolling into view if needed
      done scrolling
      performing click action
      &lt;html lang="en" data-framework="typescript">…&lt;/html> intercepts pointer events
    retrying click action, attempt #2
      waiting 20ms
      waiting for element to be visible, enabled and stable
      element is visible, enabled and stable
      scrolling into view if needed
      done scrolling
      performing click action
      &lt;html lang="en" data-framework="typescript">…&lt;/html> intercepts pointer events
    retrying click action, attempt #3
      waiting 100ms
      waiting for element to be visible, enabled and stable
      element is visible, enabled and stable
      scrolling into view if needed
      done scrolling
      performing click action
      &lt;html lang="en" data-framework="typescript">…&lt;/html> intercepts pointer events
    retrying click action, attempt #4
      waiting 100ms
      waiting for element to be visible, enabled and stable
      element is visible, enabled and stable
      scrolling into view if needed
      done scrolling
      performing click action
      &lt;html lang="en" data-framework="typescript">…&lt;/html> intercepts pointer events
    retrying click action, attempt #5
      waiting 500ms
      waiting for element to be visible, enabled and stable
      element is visible, enabled and stable
      scrolling into view if needed
      done scrolling
      performing click action
      &lt;html lang="en" data-framework="typescript">…&lt;/html> intercepts pointer events
    retrying click action, attempt #6
      waiting 500ms
      waiting for element to be visible, enabled and stable
      element is visible, enabled and stable
      scrolling into view if needed
      done scrolling
      performing click action
      &lt;html lang="en" data-framework="typescript">…&lt;/html> intercepts pointer events
    retrying click action, attempt #7
      waiting 500ms
      waiting for element to be visible, enabled and stable
      element is visible, enabled and stable
      scrolling into view if needed
      done scrolling
      performing click action
      &lt;html lang="en" data-framework="typescript">…&lt;/html> intercepts pointer events
    retrying click action, attempt #8
      waiting 500ms
      waiting for element to be visible, enabled and stable
      element is visible, enabled and stable
      scrolling into view if needed
      done scrolling
      performing click action
      &lt;html lang="en" data-framework="typescript">…&lt;/html> intercepts pointer events
    retrying click action, attempt #9
      waiting 500ms
      waiting for element to be visible, enabled and stable
      element is visible, enabled and stable
      scrolling into view if needed
      done scrolling
      performing click action
      &lt;html lang="en" data-framework="typescript">…&lt;/html> intercepts pointer events
    retrying click action, attempt #10
      waiting 500ms
      waiting for element to be visible, enabled and stable
      element is visible, enabled and stable
      scrolling into view if needed
      done scrolling
      performing click action
      &lt;html lang="en" data-framework="typescript">…&lt;/html> intercepts pointer events
    retrying click action, attempt #11
      waiting 500ms
      waiting for element to be visible, enabled and stable
      element is visible, enabled and stable
      scrolling into view if needed
      done scrolling
      performing click action
      &lt;html lang="en" data-framework="typescript">…&lt;/html> intercepts pointer events
    retrying click action, attempt #12
      waiting 500ms
      waiting for element to be visible, enabled and stable
      element is visible, enabled and stable
      scrolling into view if needed
      done scrolling
      performing click action
      &lt;html lang="en" data-framework="typescript">…&lt;/html> intercepts pointer events
    retrying click action, attempt #13
      waiting 500ms
      waiting for element to be visible, enabled and stable
      element is visible, enabled and stable
      scrolling into view if needed
      done scrolling
      performing click action
      &lt;html lang="en" data-framework="typescript">…&lt;/html> intercepts pointer events
    retrying click action, attempt #14
      waiting 500ms
      waiting for element to be visible, enabled and stable
      element is visible, enabled and stable
      scrolling into view if needed
      done scrolling
      performing click action
      &lt;html lang="en" data-framework="typescript">…&lt;/html> intercepts pointer events
    retrying click action, attempt #15
      waiting 500ms
      waiting for element to be visible, enabled and stable
      element is visible, enabled and stable
      scrolling into view if needed
      done scrolling
      performing click action
      &lt;html lang="en" data-framework="typescript">…&lt;/html> intercepts pointer events
    retrying click action, attempt #16
      waiting 500ms
      waiting for element to be visible, enabled and stable
      element is visible, enabled and stable
      scrolling into view if needed
      done scrolling
      performing click action
      &lt;html lang="en" data-framework="typescript">…&lt;/html> intercepts pointer events
    retrying click action, attempt #17
      waiting 500ms
      waiting for element to be visible, enabled and stable
      element is visible, enabled and stable
      scrolling into view if needed
      done scrolling
      performing click action
      &lt;html lang="en" data-framework="typescript">…&lt;/html> intercepts pointer events
    retrying click action, attempt #18
      waiting 500ms
      waiting for element to be visible, enabled and stable
      element is visible, enabled and stable
      scrolling into view if needed
      done scrolling
      performing click action
      &lt;html lang="en" data-framework="typescript">…&lt;/html> intercepts pointer events
    retrying click action, attempt #19
      waiting 500ms
      waiting for element to be visible, enabled and stable
      element is visible, enabled and stable
      scrolling into view if needed
      done scrolling
      performing click action
      &lt;html lang="en" data-framework="typescript">…&lt;/html> intercepts pointer events
    retrying click action, attempt #20
      waiting 500ms
      waiting for element to be visible, enabled and stable
      element is visible, enabled and stable
      scrolling into view if needed
      done scrolling
      performing click action
      &lt;html lang="en" data-framework="typescript">…&lt;/html> intercepts pointer events
    retrying click action, attempt #21
      waiting 500ms
      waiting for element to be visible, enabled and stable
      element is visible, enabled and stable
      scrolling into view if needed
      done scrolling
      performing click action
      &lt;html lang="en" data-framework="typescript">…&lt;/html> intercepts pointer events
    retrying click action, attempt #22
      waiting 500ms
      waiting for element to be visible, enabled and stable
      element is visible, enabled and stable
      scrolling into view if needed
      done scrolling
      performing click action
      &lt;html lang="en" data-framework="typescript">…&lt;/html> intercepts pointer events
    retrying click action, attempt #23
      waiting 500ms
      waiting for element to be visible, enabled and stable
      element is visible, enabled and stable
      scrolling into view if needed
      done scrolling
      performing click action
      &lt;html lang="en" data-framework="typescript">…&lt;/html> intercepts pointer events
    retrying click action, attempt #24
      waiting 500ms
      waiting for element to be visible, enabled and stable
      element is visible, enabled and stable
      scrolling into view if needed
      done scrolling
      performing click action
      &lt;html lang="en" data-framework="typescript">…&lt;/html> intercepts pointer events
    retrying click action, attempt #25
      waiting 500ms
      waiting for element to be visible, enabled and stable
      element is visible, enabled and stable
      scrolling into view if needed
      done scrolling
      performing click action
      &lt;html lang="en" data-framework="typescript">…&lt;/html> intercepts pointer events
    retrying click action, attempt #26
      waiting 500ms
      waiting for element to be visible, enabled and stable
      element is visible, enabled and stable
      scrolling into view if needed
      done scrolling
      performing click action
      &lt;html lang="en" data-framework="typescript">…&lt;/html> intercepts pointer events
    retrying click action, attempt #27
      waiting 500ms
      waiting for element to be visible, enabled and stable
      element is visible, enabled and stable
      scrolling into view if needed
      done scrolling
      performing click action
      &lt;html lang="en" data-framework="typescript">…&lt;/html> intercepts pointer events
    retrying click action, attempt #28
      waiting 500ms
      waiting for element to be visible, enabled and stable
      element is visible, enabled and stable
      scrolling into view if needed
      done scrolling
      performing click action
      &lt;html lang="en" data-framework="typescript">…&lt;/html> intercepts pointer events
    retrying click action, attempt #29
      waiting 500ms
      waiting for element to be visible, enabled and stable
      element is visible, enabled and stable
      scrolling into view if needed
      done scrolling
      performing click action
      &lt;html lang="en" data-framework="typescript">…&lt;/html> intercepts pointer events
    retrying click action, attempt #30
      waiting 500ms
      waiting for element to be visible, enabled and stable
      element is visible, enabled and stable
      scrolling into view if needed
      done scrolling
      performing click action
      &lt;html lang="en" data-framework="typescript">…&lt;/html> intercepts pointer events
    retrying click action, attempt #31
      waiting 500ms
      waiting for element to be visible, enabled and stable
      element is visible, enabled and stable
      scrolling into view if needed
      done scrolling
      performing click action
      &lt;html lang="en" data-framework="typescript">…&lt;/html> intercepts pointer events
    retrying click action, attempt #32
      waiting 500ms
      waiting for element to be visible, enabled and stable
      element is visible, enabled and stable
      scrolling into view if needed
      done scrolling
      performing click action
      &lt;html lang="en" data-framework="typescript">…&lt;/html> intercepts pointer events
    retrying click action, attempt #33
      waiting 500ms
      waiting for element to be visible, enabled and stable
      element is visible, enabled and stable
      scrolling into view if needed
      done scrolling
      performing click action
      &lt;html lang="en" data-framework="typescript">…&lt;/html> intercepts pointer events
    retrying click action, attempt #34
      waiting 500ms
      waiting for element to be visible, enabled and stable
      element is visible, enabled and stable
      scrolling into view if needed
      done scrolling
      performing click action
      &lt;html lang="en" data-framework="typescript">…&lt;/html> intercepts pointer events
    retrying click action, attempt #35
      waiting 500ms
      waiting for element to be visible, enabled and stable
      element is visible, enabled and stable
      scrolling into view if needed
      done scrolling
      performing click action
      &lt;html lang="en" data-framework="typescript">…&lt;/html> intercepts pointer events
    retrying click action, attempt #36
      waiting 500ms
      waiting for element to be visible, enabled and stable
      element is visible, enabled and stable
      scrolling into view if needed
      done scrolling
      performing click action
      &lt;html lang="en" data-framework="typescript">…&lt;/html> intercepts pointer events
    retrying click action, attempt #37
      waiting 500ms
      waiting for element to be visible, enabled and stable
      element is visible, enabled and stable
      scrolling into view if needed
      done scrolling
      performing click action
      &lt;html lang="en" data-framework="typescript">…&lt;/html> intercepts pointer events
    retrying click action, attempt #38
      waiting 500ms
      waiting for element to be visible, enabled and stable
      element is visible, enabled and stable
      scrolling into view if needed
      done scrolling
      performing click action
      &lt;html lang="en" data-framework="typescript">…&lt;/html> intercepts pointer events
    retrying click action, attempt #39
      waiting 500ms
      waiting for element to be visible, enabled and stable
      element is visible, enabled and stable
      scrolling into view if needed
      done scrolling
      performing click action
      &lt;html lang="en" data-framework="typescript">…&lt;/html> intercepts pointer events
    retrying click action, attempt #40
      waiting 500ms
      waiting for element to be visible, enabled and stable
      element is visible, enabled and stable
      scrolling into view if needed
      done scrolling
      performing click action
      &lt;html lang="en" data-framework="typescript">…&lt;/html> intercepts pointer events
    retrying click action, attempt #41
      waiting 500ms
      waiting for element to be visible, enabled and stable
      element is visible, enabled and stable
      scrolling into view if needed
      done scrolling
      performing click action
      &lt;html lang="en" data-framework="typescript">…&lt;/html> intercepts pointer events
    retrying click action, attempt #42
      waiting 500ms
      waiting for element to be visible, enabled and stable
      element is visible, enabled and stable
      scrolling into view if needed
      done scrolling
      performing click action
      &lt;html lang="en" data-framework="typescript">…&lt;/html> intercepts pointer events
    retrying click action, attempt #43
      waiting 500ms
      waiting for element to be visible, enabled and stable
      element is visible, enabled and stable
      scrolling into view if needed
      done scrolling
      performing click action
      &lt;html lang="en" data-framework="typescript">…&lt;/html> intercepts pointer events
    retrying click action, attempt #44
      waiting 500ms
      waiting for element to be visible, enabled and stable
      element is visible, enabled and stable
      scrolling into view if needed
      done scrolling
      performing click action
      &lt;html lang="en" data-framework="typescript">…&lt;/html> intercepts pointer events
    retrying click action, attempt #45
      waiting 500ms
      waiting for element to be visible, enabled and stable
      element is visible, enabled and stable
      scrolling into view if needed
      done scrolling
      performing click action
      &lt;html lang="en" data-framework="typescript">…&lt;/html> intercepts pointer events
    retrying click action, attempt #46
      waiting 500ms
      waiting for element to be visible, enabled and stable
      element is visible, enabled and stable
      scrolling into view if needed
      done scrolling
      performing click action
      &lt;html lang="en" data-framework="typescript">…&lt;/html> intercepts pointer events
    retrying click action, attempt #47
      waiting 500ms
      waiting for element to be visible, enabled and stable
      element is visible, enabled and stable
      scrolling into view if needed
      done scrolling
      performing click action
      &lt;html lang="en" data-framework="typescript">…&lt;/html> intercepts pointer events
    retrying click action, attempt #48
      waiting 500ms
      waiting for element to be visible, enabled and stable
      element is visible, enabled and stable
      scrolling into view if needed
      done scrolling
      performing click action
      &lt;html lang="en" data-framework="typescript">…&lt;/html> intercepts pointer events
    retrying click action, attempt #49
      waiting 500ms
      waiting for element to be visible, enabled and stable
      element is visible, enabled and stable
      scrolling into view if needed
      done scrolling
      performing click action
      &lt;html lang="en" data-framework="typescript">…&lt;/html> intercepts pointer events
    retrying click action, attempt #50
      waiting 500ms
      waiting for element to be visible, enabled and stable
      element is visible, enabled and stable
      scrolling into view if needed
      done scrolling
      performing click action
      &lt;html lang="en" data-framework="typescript">…&lt;/html> intercepts pointer events
    retrying click action, attempt #51
      waiting 500ms
      waiting for element to be visible, enabled and stable
      element is visible, enabled and stable
      scrolling into view if needed
      done scrolling
      performing click action
      &lt;html lang="en" data-framework="typescript">…&lt;/html> intercepts pointer events
    retrying click action, attempt #52
      waiting 500ms
      waiting for element to be visible, enabled and stable
      element is visible, enabled and stable
      scrolling into view if needed
      done scrolling
      performing click action
      &lt;html lang="en" data-framework="typescript">…&lt;/html> intercepts pointer events
    retrying click action, attempt #53
      waiting 500ms
      waiting for element to be visible, enabled and stable
      element is visible, enabled and stable
      scrolling into view if needed
      done scrolling
      performing click action
      &lt;html lang="en" data-framework="typescript">…&lt;/html> intercepts pointer events
    retrying click action, attempt #54
      waiting 500ms
      waiting for element to be visible, enabled and stable
      element is visible, enabled and stable
      scrolling into view if needed
      done scrolling
      performing click action
      &lt;html lang="en" data-framework="typescript">…&lt;/html> intercepts pointer events
    retrying click action, attempt #55
      waiting 500ms
      waiting for element to be visible, enabled and stable
      element is visible, enabled and stable
      scrolling into view if needed
      done scrolling
      performing click action
      &lt;html lang="en" data-framework="typescript">…&lt;/html> intercepts pointer events
    retrying click action, attempt #56
      waiting 500ms
      waiting for element to be visible, enabled and stable
      element is visible, enabled and stable
      scrolling into view if needed
      done scrolling
      performing click action
      &lt;html lang="en" data-framework="typescript">…&lt;/html> intercepts pointer events
    retrying click action, attempt #57
      waiting 500ms
      waiting for element to be visible, enabled and stable
      element is visible, enabled and stable
      scrolling into view if needed
      done scrolling
      performing click action
      &lt;html lang="en" data-framework="typescript">…&lt;/html> intercepts pointer events
    retrying click action, attempt #58
      waiting 500ms
      waiting for element to be visible, enabled and stable
      element is visible, enabled and stable
      scrolling into view if needed
      done scrolling
      performing click action
      &lt;html lang="en" data-framework="typescript">…&lt;/html> intercepts pointer events
    retrying click action, attempt #59
      waiting 500ms
    ============================================================

      81 |   test('should allow me to mark all items as completed', async ({ page }) => {
      82 |     // Complete all todos.
    > 83 |     await page.locator('.toggle-all').check();
         |                                       ^
      84 |
      85 |     // Ensure all todos have 'completed' class.
      86 |     await expect(page.locator('.todo-list li')).toHaveClass(['completed', 'completed', 'completed']);

        at /Users/anait_airiian/Documents/anait-demo/playwright-demo/tests/example.spec.ts:83:39

    Pending operations:
      - locator.check at tests/example.spec.ts:83:39


    attachment #1: video (video/webm) --------------------------------------------------------------
    test-results/example-Mark-all-as-completed-should-allow-me-to-mark-all-items-as-completed-Mobile-Safari/video.webm
    ------------------------------------------------------------------------------------------------

    attachment #2: trace (application/zip) ---------------------------------------------------------
    test-results/example-Mark-all-as-completed-should-allow-me-to-mark-all-items-as-completed-Mobile-Safari/trace.zip
    Usage:

        npx playwright show-trace test-results/example-Mark-all-as-completed-should-allow-me-to-mark-all-items-as-completed-Mobile-Safari/trace.zip

    ------------------------------------------------------------------------------------------------

    attachment #3: screenshot (image/png) ----------------------------------------------------------
    test-results/example-Mark-all-as-completed-should-allow-me-to-mark-all-items-as-completed-Mobile-Safari/test-failed-1.png
    ------------------------------------------------------------------------------------------------

</failure>
<system-out>

[[ATTACHMENT|../test-results/example-Mark-all-as-completed-should-allow-me-to-mark-all-items-as-completed-Mobile-Safari/video.webm]]

[[ATTACHMENT|../test-results/example-Mark-all-as-completed-should-allow-me-to-mark-all-items-as-completed-Mobile-Safari/trace.zip]]

[[ATTACHMENT|../test-results/example-Mark-all-as-completed-should-allow-me-to-mark-all-items-as-completed-Mobile-Safari/test-failed-1.png]]

</system-out>
</testcase>
<testcase name="Mark all as completed should allow me to clear the complete state of all items" classname="[Mobile Safari] › example.spec.ts:90:3 › Mark all as completed › should allow me to clear the complete state of all items" time="30.114">
<failure message="example.spec.ts:90:3 should allow me to clear the complete state of all items" type="FAILURE">
  [Mobile Safari] › example.spec.ts:90:3 › Mark all as completed › should allow me to clear the complete state of all items 

    Timeout of 30000ms exceeded.

    locator.check: Target closed
    =========================== logs ===========================
    waiting for selector ".toggle-all"
      selector resolved to visible &lt;input id="toggle-all" type="checkbox" class="toggle-al…/>
    attempting click action
      waiting for element to be visible, enabled and stable
      element is visible, enabled and stable
      scrolling into view if needed
      done scrolling
      performing click action
      &lt;html lang="en" data-framework="typescript">…&lt;/html> intercepts pointer events
    retrying click action, attempt #1
      waiting for element to be visible, enabled and stable
      element is visible, enabled and stable
      scrolling into view if needed
      done scrolling
      performing click action
      &lt;html lang="en" data-framework="typescript">…&lt;/html> intercepts pointer events
    retrying click action, attempt #2
      waiting 20ms
      waiting for element to be visible, enabled and stable
      element is visible, enabled and stable
      scrolling into view if needed
      done scrolling
      performing click action
      &lt;html lang="en" data-framework="typescript">…&lt;/html> intercepts pointer events
    retrying click action, attempt #3
      waiting 100ms
      waiting for element to be visible, enabled and stable
      element is visible, enabled and stable
      scrolling into view if needed
      done scrolling
      performing click action
      &lt;html lang="en" data-framework="typescript">…&lt;/html> intercepts pointer events
    retrying click action, attempt #4
      waiting 100ms
      waiting for element to be visible, enabled and stable
      element is visible, enabled and stable
      scrolling into view if needed
      done scrolling
      performing click action
      &lt;html lang="en" data-framework="typescript">…&lt;/html> intercepts pointer events
    retrying click action, attempt #5
      waiting 500ms
      waiting for element to be visible, enabled and stable
      element is visible, enabled and stable
      scrolling into view if needed
      done scrolling
      performing click action
      &lt;html lang="en" data-framework="typescript">…&lt;/html> intercepts pointer events
    retrying click action, attempt #6
      waiting 500ms
      waiting for element to be visible, enabled and stable
      element is visible, enabled and stable
      scrolling into view if needed
      done scrolling
      performing click action
      &lt;html lang="en" data-framework="typescript">…&lt;/html> intercepts pointer events
    retrying click action, attempt #7
      waiting 500ms
      waiting for element to be visible, enabled and stable
      element is visible, enabled and stable
      scrolling into view if needed
      done scrolling
      performing click action
      &lt;html lang="en" data-framework="typescript">…&lt;/html> intercepts pointer events
    retrying click action, attempt #8
      waiting 500ms
      waiting for element to be visible, enabled and stable
      element is visible, enabled and stable
      scrolling into view if needed
      done scrolling
      performing click action
      &lt;html lang="en" data-framework="typescript">…&lt;/html> intercepts pointer events
    retrying click action, attempt #9
      waiting 500ms
      waiting for element to be visible, enabled and stable
      element is visible, enabled and stable
      scrolling into view if needed
      done scrolling
      performing click action
      &lt;html lang="en" data-framework="typescript">…&lt;/html> intercepts pointer events
    retrying click action, attempt #10
      waiting 500ms
      waiting for element to be visible, enabled and stable
      element is visible, enabled and stable
      scrolling into view if needed
      done scrolling
      performing click action
      &lt;html lang="en" data-framework="typescript">…&lt;/html> intercepts pointer events
    retrying click action, attempt #11
      waiting 500ms
      waiting for element to be visible, enabled and stable
      element is visible, enabled and stable
      scrolling into view if needed
      done scrolling
      performing click action
      &lt;html lang="en" data-framework="typescript">…&lt;/html> intercepts pointer events
    retrying click action, attempt #12
      waiting 500ms
      waiting for element to be visible, enabled and stable
      element is visible, enabled and stable
      scrolling into view if needed
      done scrolling
      performing click action
      &lt;html lang="en" data-framework="typescript">…&lt;/html> intercepts pointer events
    retrying click action, attempt #13
      waiting 500ms
      waiting for element to be visible, enabled and stable
      element is visible, enabled and stable
      scrolling into view if needed
      done scrolling
      performing click action
      &lt;html lang="en" data-framework="typescript">…&lt;/html> intercepts pointer events
    retrying click action, attempt #14
      waiting 500ms
      waiting for element to be visible, enabled and stable
      element is visible, enabled and stable
      scrolling into view if needed
      done scrolling
      performing click action
      &lt;html lang="en" data-framework="typescript">…&lt;/html> intercepts pointer events
    retrying click action, attempt #15
      waiting 500ms
      waiting for element to be visible, enabled and stable
      element is visible, enabled and stable
      scrolling into view if needed
      done scrolling
      performing click action
      &lt;html lang="en" data-framework="typescript">…&lt;/html> intercepts pointer events
    retrying click action, attempt #16
      waiting 500ms
      waiting for element to be visible, enabled and stable
      element is visible, enabled and stable
      scrolling into view if needed
      done scrolling
      performing click action
      &lt;html lang="en" data-framework="typescript">…&lt;/html> intercepts pointer events
    retrying click action, attempt #17
      waiting 500ms
      waiting for element to be visible, enabled and stable
      element is visible, enabled and stable
      scrolling into view if needed
      done scrolling
      performing click action
      &lt;html lang="en" data-framework="typescript">…&lt;/html> intercepts pointer events
    retrying click action, attempt #18
      waiting 500ms
      waiting for element to be visible, enabled and stable
      element is visible, enabled and stable
      scrolling into view if needed
      done scrolling
      performing click action
      &lt;html lang="en" data-framework="typescript">…&lt;/html> intercepts pointer events
    retrying click action, attempt #19
      waiting 500ms
      waiting for element to be visible, enabled and stable
      element is visible, enabled and stable
      scrolling into view if needed
      done scrolling
      performing click action
      &lt;html lang="en" data-framework="typescript">…&lt;/html> intercepts pointer events
    retrying click action, attempt #20
      waiting 500ms
      waiting for element to be visible, enabled and stable
      element is visible, enabled and stable
      scrolling into view if needed
      done scrolling
      performing click action
      &lt;html lang="en" data-framework="typescript">…&lt;/html> intercepts pointer events
    retrying click action, attempt #21
      waiting 500ms
      waiting for element to be visible, enabled and stable
      element is visible, enabled and stable
      scrolling into view if needed
      done scrolling
      performing click action
      &lt;html lang="en" data-framework="typescript">…&lt;/html> intercepts pointer events
    retrying click action, attempt #22
      waiting 500ms
      waiting for element to be visible, enabled and stable
      element is visible, enabled and stable
      scrolling into view if needed
      done scrolling
      performing click action
      &lt;html lang="en" data-framework="typescript">…&lt;/html> intercepts pointer events
    retrying click action, attempt #23
      waiting 500ms
      waiting for element to be visible, enabled and stable
      element is visible, enabled and stable
      scrolling into view if needed
      done scrolling
      performing click action
      &lt;html lang="en" data-framework="typescript">…&lt;/html> intercepts pointer events
    retrying click action, attempt #24
      waiting 500ms
      waiting for element to be visible, enabled and stable
      element is visible, enabled and stable
      scrolling into view if needed
      done scrolling
      performing click action
      &lt;html lang="en" data-framework="typescript">…&lt;/html> intercepts pointer events
    retrying click action, attempt #25
      waiting 500ms
      waiting for element to be visible, enabled and stable
      element is visible, enabled and stable
      scrolling into view if needed
      done scrolling
      performing click action
      &lt;html lang="en" data-framework="typescript">…&lt;/html> intercepts pointer events
    retrying click action, attempt #26
      waiting 500ms
      waiting for element to be visible, enabled and stable
      element is visible, enabled and stable
      scrolling into view if needed
      done scrolling
      performing click action
      &lt;html lang="en" data-framework="typescript">…&lt;/html> intercepts pointer events
    retrying click action, attempt #27
      waiting 500ms
      waiting for element to be visible, enabled and stable
      element is visible, enabled and stable
      scrolling into view if needed
      done scrolling
      performing click action
      &lt;html lang="en" data-framework="typescript">…&lt;/html> intercepts pointer events
    retrying click action, attempt #28
      waiting 500ms
      waiting for element to be visible, enabled and stable
      element is visible, enabled and stable
      scrolling into view if needed
      done scrolling
      performing click action
      &lt;html lang="en" data-framework="typescript">…&lt;/html> intercepts pointer events
    retrying click action, attempt #29
      waiting 500ms
      waiting for element to be visible, enabled and stable
      element is visible, enabled and stable
      scrolling into view if needed
      done scrolling
      performing click action
      &lt;html lang="en" data-framework="typescript">…&lt;/html> intercepts pointer events
    retrying click action, attempt #30
      waiting 500ms
      waiting for element to be visible, enabled and stable
      element is visible, enabled and stable
      scrolling into view if needed
      done scrolling
      performing click action
      &lt;html lang="en" data-framework="typescript">…&lt;/html> intercepts pointer events
    retrying click action, attempt #31
      waiting 500ms
      waiting for element to be visible, enabled and stable
      element is visible, enabled and stable
      scrolling into view if needed
      done scrolling
      performing click action
      &lt;html lang="en" data-framework="typescript">…&lt;/html> intercepts pointer events
    retrying click action, attempt #32
      waiting 500ms
      waiting for element to be visible, enabled and stable
      element is visible, enabled and stable
      scrolling into view if needed
      done scrolling
      performing click action
      &lt;html lang="en" data-framework="typescript">…&lt;/html> intercepts pointer events
    retrying click action, attempt #33
      waiting 500ms
      waiting for element to be visible, enabled and stable
      element is visible, enabled and stable
      scrolling into view if needed
      done scrolling
      performing click action
      &lt;html lang="en" data-framework="typescript">…&lt;/html> intercepts pointer events
    retrying click action, attempt #34
      waiting 500ms
      waiting for element to be visible, enabled and stable
      element is visible, enabled and stable
      scrolling into view if needed
      done scrolling
      performing click action
      &lt;html lang="en" data-framework="typescript">…&lt;/html> intercepts pointer events
    retrying click action, attempt #35
      waiting 500ms
      waiting for element to be visible, enabled and stable
      element is visible, enabled and stable
      scrolling into view if needed
      done scrolling
      performing click action
      &lt;html lang="en" data-framework="typescript">…&lt;/html> intercepts pointer events
    retrying click action, attempt #36
      waiting 500ms
      waiting for element to be visible, enabled and stable
      element is visible, enabled and stable
      scrolling into view if needed
      done scrolling
      performing click action
      &lt;html lang="en" data-framework="typescript">…&lt;/html> intercepts pointer events
    retrying click action, attempt #37
      waiting 500ms
      waiting for element to be visible, enabled and stable
      element is visible, enabled and stable
      scrolling into view if needed
      done scrolling
      performing click action
      &lt;html lang="en" data-framework="typescript">…&lt;/html> intercepts pointer events
    retrying click action, attempt #38
      waiting 500ms
      waiting for element to be visible, enabled and stable
      element is visible, enabled and stable
      scrolling into view if needed
      done scrolling
      performing click action
      &lt;html lang="en" data-framework="typescript">…&lt;/html> intercepts pointer events
    retrying click action, attempt #39
      waiting 500ms
      waiting for element to be visible, enabled and stable
      element is visible, enabled and stable
      scrolling into view if needed
      done scrolling
      performing click action
      &lt;html lang="en" data-framework="typescript">…&lt;/html> intercepts pointer events
    retrying click action, attempt #40
      waiting 500ms
      waiting for element to be visible, enabled and stable
      element is visible, enabled and stable
      scrolling into view if needed
      done scrolling
      performing click action
      &lt;html lang="en" data-framework="typescript">…&lt;/html> intercepts pointer events
    retrying click action, attempt #41
      waiting 500ms
      waiting for element to be visible, enabled and stable
      element is visible, enabled and stable
      scrolling into view if needed
      done scrolling
      performing click action
      &lt;html lang="en" data-framework="typescript">…&lt;/html> intercepts pointer events
    retrying click action, attempt #42
      waiting 500ms
      waiting for element to be visible, enabled and stable
      element is visible, enabled and stable
      scrolling into view if needed
      done scrolling
      performing click action
      &lt;html lang="en" data-framework="typescript">…&lt;/html> intercepts pointer events
    retrying click action, attempt #43
      waiting 500ms
      waiting for element to be visible, enabled and stable
      element is visible, enabled and stable
      scrolling into view if needed
      done scrolling
      performing click action
      &lt;html lang="en" data-framework="typescript">…&lt;/html> intercepts pointer events
    retrying click action, attempt #44
      waiting 500ms
      waiting for element to be visible, enabled and stable
      element is visible, enabled and stable
      scrolling into view if needed
      done scrolling
      performing click action
      &lt;html lang="en" data-framework="typescript">…&lt;/html> intercepts pointer events
    retrying click action, attempt #45
      waiting 500ms
      waiting for element to be visible, enabled and stable
      element is visible, enabled and stable
      scrolling into view if needed
      done scrolling
      performing click action
      &lt;html lang="en" data-framework="typescript">…&lt;/html> intercepts pointer events
    retrying click action, attempt #46
      waiting 500ms
      waiting for element to be visible, enabled and stable
      element is visible, enabled and stable
      scrolling into view if needed
      done scrolling
      performing click action
      &lt;html lang="en" data-framework="typescript">…&lt;/html> intercepts pointer events
    retrying click action, attempt #47
      waiting 500ms
      waiting for element to be visible, enabled and stable
      element is visible, enabled and stable
      scrolling into view if needed
      done scrolling
      performing click action
      &lt;html lang="en" data-framework="typescript">…&lt;/html> intercepts pointer events
    retrying click action, attempt #48
      waiting 500ms
      waiting for element to be visible, enabled and stable
      element is visible, enabled and stable
      scrolling into view if needed
      done scrolling
      performing click action
      &lt;html lang="en" data-framework="typescript">…&lt;/html> intercepts pointer events
    retrying click action, attempt #49
      waiting 500ms
      waiting for element to be visible, enabled and stable
      element is visible, enabled and stable
      scrolling into view if needed
      done scrolling
      performing click action
      &lt;html lang="en" data-framework="typescript">…&lt;/html> intercepts pointer events
    retrying click action, attempt #50
      waiting 500ms
      waiting for element to be visible, enabled and stable
      element is visible, enabled and stable
      scrolling into view if needed
      done scrolling
      performing click action
      &lt;html lang="en" data-framework="typescript">…&lt;/html> intercepts pointer events
    retrying click action, attempt #51
      waiting 500ms
      waiting for element to be visible, enabled and stable
      element is visible, enabled and stable
      scrolling into view if needed
      done scrolling
      performing click action
      &lt;html lang="en" data-framework="typescript">…&lt;/html> intercepts pointer events
    retrying click action, attempt #52
      waiting 500ms
      waiting for element to be visible, enabled and stable
      element is visible, enabled and stable
      scrolling into view if needed
      done scrolling
      performing click action
      &lt;html lang="en" data-framework="typescript">…&lt;/html> intercepts pointer events
    retrying click action, attempt #53
      waiting 500ms
      waiting for element to be visible, enabled and stable
      element is visible, enabled and stable
      scrolling into view if needed
      done scrolling
      performing click action
      &lt;html lang="en" data-framework="typescript">…&lt;/html> intercepts pointer events
    retrying click action, attempt #54
      waiting 500ms
      waiting for element to be visible, enabled and stable
      element is visible, enabled and stable
      scrolling into view if needed
      done scrolling
      performing click action
      &lt;html lang="en" data-framework="typescript">…&lt;/html> intercepts pointer events
    retrying click action, attempt #55
      waiting 500ms
      waiting for element to be visible, enabled and stable
      element is visible, enabled and stable
      scrolling into view if needed
      done scrolling
      performing click action
      &lt;html lang="en" data-framework="typescript">…&lt;/html> intercepts pointer events
    retrying click action, attempt #56
      waiting 500ms
      waiting for element to be visible, enabled and stable
      element is visible, enabled and stable
      scrolling into view if needed
      done scrolling
      performing click action
      &lt;html lang="en" data-framework="typescript">…&lt;/html> intercepts pointer events
    retrying click action, attempt #57
      waiting 500ms
      waiting for element to be visible, enabled and stable
      element is visible, enabled and stable
      scrolling into view if needed
      done scrolling
      performing click action
      &lt;html lang="en" data-framework="typescript">…&lt;/html> intercepts pointer events
    retrying click action, attempt #58
      waiting 500ms
    ============================================================

      90 |   test('should allow me to clear the complete state of all items', async ({ page }) => {
      91 |     // Check and then immediately uncheck.
    > 92 |     await page.locator('.toggle-all').check();
         |                                       ^
      93 |     await page.locator('.toggle-all').uncheck();
      94 |
      95 |     // Should be no completed classes.

        at /Users/anait_airiian/Documents/anait-demo/playwright-demo/tests/example.spec.ts:92:39

    Pending operations:
      - locator.check at tests/example.spec.ts:92:39


    attachment #1: video (video/webm) --------------------------------------------------------------
    test-results/example-Mark-all-as-completed-should-allow-me-to-clear-the-complete-state-of-all-items-Mobile-Safari/video.webm
    ------------------------------------------------------------------------------------------------

    attachment #2: trace (application/zip) ---------------------------------------------------------
    test-results/example-Mark-all-as-completed-should-allow-me-to-clear-the-complete-state-of-all-items-Mobile-Safari/trace.zip
    Usage:

        npx playwright show-trace test-results/example-Mark-all-as-completed-should-allow-me-to-clear-the-complete-state-of-all-items-Mobile-Safari/trace.zip

    ------------------------------------------------------------------------------------------------

    attachment #3: screenshot (image/png) ----------------------------------------------------------
    test-results/example-Mark-all-as-completed-should-allow-me-to-clear-the-complete-state-of-all-items-Mobile-Safari/test-failed-1.png
    ------------------------------------------------------------------------------------------------

</failure>
<system-out>

[[ATTACHMENT|../test-results/example-Mark-all-as-completed-should-allow-me-to-clear-the-complete-state-of-all-items-Mobile-Safari/video.webm]]

[[ATTACHMENT|../test-results/example-Mark-all-as-completed-should-allow-me-to-clear-the-complete-state-of-all-items-Mobile-Safari/trace.zip]]

[[ATTACHMENT|../test-results/example-Mark-all-as-completed-should-allow-me-to-clear-the-complete-state-of-all-items-Mobile-Safari/test-failed-1.png]]

</system-out>
</testcase>
<testcase name="Mark all as completed complete all checkbox should update state when items are completed / cleared" classname="[Mobile Safari] › example.spec.ts:99:3 › Mark all as completed › complete all checkbox should update state when items are completed / cleared" time="30.126">
<failure message="example.spec.ts:99:3 complete all checkbox should update state when items are completed / cleared" type="FAILURE">
  [Mobile Safari] › example.spec.ts:99:3 › Mark all as completed › complete all checkbox should update state when items are completed / cleared 

    Timeout of 30000ms exceeded.

    locator.check: Target closed
    =========================== logs ===========================
    waiting for selector ".toggle-all"
      selector resolved to visible &lt;input id="toggle-all" type="checkbox" class="toggle-al…/>
    attempting click action
      waiting for element to be visible, enabled and stable
      element is visible, enabled and stable
      scrolling into view if needed
      done scrolling
      performing click action
      &lt;html lang="en" data-framework="typescript">…&lt;/html> intercepts pointer events
    retrying click action, attempt #1
      waiting for element to be visible, enabled and stable
      element is visible, enabled and stable
      scrolling into view if needed
      done scrolling
      performing click action
      &lt;html lang="en" data-framework="typescript">…&lt;/html> intercepts pointer events
    retrying click action, attempt #2
      waiting 20ms
      waiting for element to be visible, enabled and stable
      element is visible, enabled and stable
      scrolling into view if needed
      done scrolling
      performing click action
      &lt;html lang="en" data-framework="typescript">…&lt;/html> intercepts pointer events
    retrying click action, attempt #3
      waiting 100ms
      waiting for element to be visible, enabled and stable
      element is visible, enabled and stable
      scrolling into view if needed
      done scrolling
      performing click action
      &lt;html lang="en" data-framework="typescript">…&lt;/html> intercepts pointer events
    retrying click action, attempt #4
      waiting 100ms
      waiting for element to be visible, enabled and stable
      element is visible, enabled and stable
      scrolling into view if needed
      done scrolling
      performing click action
      &lt;html lang="en" data-framework="typescript">…&lt;/html> intercepts pointer events
    retrying click action, attempt #5
      waiting 500ms
      waiting for element to be visible, enabled and stable
      element is visible, enabled and stable
      scrolling into view if needed
      done scrolling
      performing click action
      &lt;html lang="en" data-framework="typescript">…&lt;/html> intercepts pointer events
    retrying click action, attempt #6
      waiting 500ms
      waiting for element to be visible, enabled and stable
      element is visible, enabled and stable
      scrolling into view if needed
      done scrolling
      performing click action
      &lt;html lang="en" data-framework="typescript">…&lt;/html> intercepts pointer events
    retrying click action, attempt #7
      waiting 500ms
      waiting for element to be visible, enabled and stable
      element is visible, enabled and stable
      scrolling into view if needed
      done scrolling
      performing click action
      &lt;html lang="en" data-framework="typescript">…&lt;/html> intercepts pointer events
    retrying click action, attempt #8
      waiting 500ms
      waiting for element to be visible, enabled and stable
      element is visible, enabled and stable
      scrolling into view if needed
      done scrolling
      performing click action
      &lt;html lang="en" data-framework="typescript">…&lt;/html> intercepts pointer events
    retrying click action, attempt #9
      waiting 500ms
      waiting for element to be visible, enabled and stable
      element is visible, enabled and stable
      scrolling into view if needed
      done scrolling
      performing click action
      &lt;html lang="en" data-framework="typescript">…&lt;/html> intercepts pointer events
    retrying click action, attempt #10
      waiting 500ms
      waiting for element to be visible, enabled and stable
      element is visible, enabled and stable
      scrolling into view if needed
      done scrolling
      performing click action
      &lt;html lang="en" data-framework="typescript">…&lt;/html> intercepts pointer events
    retrying click action, attempt #11
      waiting 500ms
      waiting for element to be visible, enabled and stable
      element is visible, enabled and stable
      scrolling into view if needed
      done scrolling
      performing click action
      &lt;html lang="en" data-framework="typescript">…&lt;/html> intercepts pointer events
    retrying click action, attempt #12
      waiting 500ms
      waiting for element to be visible, enabled and stable
      element is visible, enabled and stable
      scrolling into view if needed
      done scrolling
      performing click action
      &lt;html lang="en" data-framework="typescript">…&lt;/html> intercepts pointer events
    retrying click action, attempt #13
      waiting 500ms
      waiting for element to be visible, enabled and stable
      element is visible, enabled and stable
      scrolling into view if needed
      done scrolling
      performing click action
      &lt;html lang="en" data-framework="typescript">…&lt;/html> intercepts pointer events
    retrying click action, attempt #14
      waiting 500ms
      waiting for element to be visible, enabled and stable
      element is visible, enabled and stable
      scrolling into view if needed
      done scrolling
      performing click action
      &lt;html lang="en" data-framework="typescript">…&lt;/html> intercepts pointer events
    retrying click action, attempt #15
      waiting 500ms
      waiting for element to be visible, enabled and stable
      element is visible, enabled and stable
      scrolling into view if needed
      done scrolling
      performing click action
      &lt;html lang="en" data-framework="typescript">…&lt;/html> intercepts pointer events
    retrying click action, attempt #16
      waiting 500ms
      waiting for element to be visible, enabled and stable
      element is visible, enabled and stable
      scrolling into view if needed
      done scrolling
      performing click action
      &lt;html lang="en" data-framework="typescript">…&lt;/html> intercepts pointer events
    retrying click action, attempt #17
      waiting 500ms
      waiting for element to be visible, enabled and stable
      element is visible, enabled and stable
      scrolling into view if needed
      done scrolling
      performing click action
      &lt;html lang="en" data-framework="typescript">…&lt;/html> intercepts pointer events
    retrying click action, attempt #18
      waiting 500ms
      waiting for element to be visible, enabled and stable
      element is visible, enabled and stable
      scrolling into view if needed
      done scrolling
      performing click action
      &lt;html lang="en" data-framework="typescript">…&lt;/html> intercepts pointer events
    retrying click action, attempt #19
      waiting 500ms
      waiting for element to be visible, enabled and stable
      element is visible, enabled and stable
      scrolling into view if needed
      done scrolling
      performing click action
      &lt;html lang="en" data-framework="typescript">…&lt;/html> intercepts pointer events
    retrying click action, attempt #20
      waiting 500ms
      waiting for element to be visible, enabled and stable
      element is visible, enabled and stable
      scrolling into view if needed
      done scrolling
      performing click action
      &lt;html lang="en" data-framework="typescript">…&lt;/html> intercepts pointer events
    retrying click action, attempt #21
      waiting 500ms
      waiting for element to be visible, enabled and stable
      element is visible, enabled and stable
      scrolling into view if needed
      done scrolling
      performing click action
      &lt;html lang="en" data-framework="typescript">…&lt;/html> intercepts pointer events
    retrying click action, attempt #22
      waiting 500ms
      waiting for element to be visible, enabled and stable
      element is visible, enabled and stable
      scrolling into view if needed
      done scrolling
      performing click action
      &lt;html lang="en" data-framework="typescript">…&lt;/html> intercepts pointer events
    retrying click action, attempt #23
      waiting 500ms
      waiting for element to be visible, enabled and stable
      element is visible, enabled and stable
      scrolling into view if needed
      done scrolling
      performing click action
      &lt;html lang="en" data-framework="typescript">…&lt;/html> intercepts pointer events
    retrying click action, attempt #24
      waiting 500ms
      waiting for element to be visible, enabled and stable
      element is visible, enabled and stable
      scrolling into view if needed
      done scrolling
      performing click action
      &lt;html lang="en" data-framework="typescript">…&lt;/html> intercepts pointer events
    retrying click action, attempt #25
      waiting 500ms
      waiting for element to be visible, enabled and stable
      element is visible, enabled and stable
      scrolling into view if needed
      done scrolling
      performing click action
      &lt;html lang="en" data-framework="typescript">…&lt;/html> intercepts pointer events
    retrying click action, attempt #26
      waiting 500ms
      waiting for element to be visible, enabled and stable
      element is visible, enabled and stable
      scrolling into view if needed
      done scrolling
      performing click action
      &lt;html lang="en" data-framework="typescript">…&lt;/html> intercepts pointer events
    retrying click action, attempt #27
      waiting 500ms
      waiting for element to be visible, enabled and stable
      element is visible, enabled and stable
      scrolling into view if needed
      done scrolling
      performing click action
      &lt;html lang="en" data-framework="typescript">…&lt;/html> intercepts pointer events
    retrying click action, attempt #28
      waiting 500ms
      waiting for element to be visible, enabled and stable
      element is visible, enabled and stable
      scrolling into view if needed
      done scrolling
      performing click action
      &lt;html lang="en" data-framework="typescript">…&lt;/html> intercepts pointer events
    retrying click action, attempt #29
      waiting 500ms
      waiting for element to be visible, enabled and stable
      element is visible, enabled and stable
      scrolling into view if needed
      done scrolling
      performing click action
      &lt;html lang="en" data-framework="typescript">…&lt;/html> intercepts pointer events
    retrying click action, attempt #30
      waiting 500ms
      waiting for element to be visible, enabled and stable
      element is visible, enabled and stable
      scrolling into view if needed
      done scrolling
      performing click action
      &lt;html lang="en" data-framework="typescript">…&lt;/html> intercepts pointer events
    retrying click action, attempt #31
      waiting 500ms
      waiting for element to be visible, enabled and stable
      element is visible, enabled and stable
      scrolling into view if needed
      done scrolling
      performing click action
      &lt;html lang="en" data-framework="typescript">…&lt;/html> intercepts pointer events
    retrying click action, attempt #32
      waiting 500ms
      waiting for element to be visible, enabled and stable
      element is visible, enabled and stable
      scrolling into view if needed
      done scrolling
      performing click action
      &lt;html lang="en" data-framework="typescript">…&lt;/html> intercepts pointer events
    retrying click action, attempt #33
      waiting 500ms
      waiting for element to be visible, enabled and stable
      element is visible, enabled and stable
      scrolling into view if needed
      done scrolling
      performing click action
      &lt;html lang="en" data-framework="typescript">…&lt;/html> intercepts pointer events
    retrying click action, attempt #34
      waiting 500ms
      waiting for element to be visible, enabled and stable
      element is visible, enabled and stable
      scrolling into view if needed
      done scrolling
      performing click action
      &lt;html lang="en" data-framework="typescript">…&lt;/html> intercepts pointer events
    retrying click action, attempt #35
      waiting 500ms
      waiting for element to be visible, enabled and stable
      element is visible, enabled and stable
      scrolling into view if needed
      done scrolling
      performing click action
      &lt;html lang="en" data-framework="typescript">…&lt;/html> intercepts pointer events
    retrying click action, attempt #36
      waiting 500ms
      waiting for element to be visible, enabled and stable
      element is visible, enabled and stable
      scrolling into view if needed
      done scrolling
      performing click action
      &lt;html lang="en" data-framework="typescript">…&lt;/html> intercepts pointer events
    retrying click action, attempt #37
      waiting 500ms
      waiting for element to be visible, enabled and stable
      element is visible, enabled and stable
      scrolling into view if needed
      done scrolling
      performing click action
      &lt;html lang="en" data-framework="typescript">…&lt;/html> intercepts pointer events
    retrying click action, attempt #38
      waiting 500ms
      waiting for element to be visible, enabled and stable
      element is visible, enabled and stable
      scrolling into view if needed
      done scrolling
      performing click action
      &lt;html lang="en" data-framework="typescript">…&lt;/html> intercepts pointer events
    retrying click action, attempt #39
      waiting 500ms
      waiting for element to be visible, enabled and stable
      element is visible, enabled and stable
      scrolling into view if needed
      done scrolling
      performing click action
      &lt;html lang="en" data-framework="typescript">…&lt;/html> intercepts pointer events
    retrying click action, attempt #40
      waiting 500ms
      waiting for element to be visible, enabled and stable
      element is visible, enabled and stable
      scrolling into view if needed
      done scrolling
      performing click action
      &lt;html lang="en" data-framework="typescript">…&lt;/html> intercepts pointer events
    retrying click action, attempt #41
      waiting 500ms
      waiting for element to be visible, enabled and stable
      element is visible, enabled and stable
      scrolling into view if needed
      done scrolling
      performing click action
      &lt;html lang="en" data-framework="typescript">…&lt;/html> intercepts pointer events
    retrying click action, attempt #42
      waiting 500ms
      waiting for element to be visible, enabled and stable
      element is visible, enabled and stable
      scrolling into view if needed
      done scrolling
      performing click action
      &lt;html lang="en" data-framework="typescript">…&lt;/html> intercepts pointer events
    retrying click action, attempt #43
      waiting 500ms
      waiting for element to be visible, enabled and stable
      element is visible, enabled and stable
      scrolling into view if needed
      done scrolling
      performing click action
      &lt;html lang="en" data-framework="typescript">…&lt;/html> intercepts pointer events
    retrying click action, attempt #44
      waiting 500ms
      waiting for element to be visible, enabled and stable
      element is visible, enabled and stable
      scrolling into view if needed
      done scrolling
      performing click action
      &lt;html lang="en" data-framework="typescript">…&lt;/html> intercepts pointer events
    retrying click action, attempt #45
      waiting 500ms
      waiting for element to be visible, enabled and stable
      element is visible, enabled and stable
      scrolling into view if needed
      done scrolling
      performing click action
      &lt;html lang="en" data-framework="typescript">…&lt;/html> intercepts pointer events
    retrying click action, attempt #46
      waiting 500ms
      waiting for element to be visible, enabled and stable
      element is visible, enabled and stable
      scrolling into view if needed
      done scrolling
      performing click action
      &lt;html lang="en" data-framework="typescript">…&lt;/html> intercepts pointer events
    retrying click action, attempt #47
      waiting 500ms
      waiting for element to be visible, enabled and stable
      element is visible, enabled and stable
      scrolling into view if needed
      done scrolling
      performing click action
      &lt;html lang="en" data-framework="typescript">…&lt;/html> intercepts pointer events
    retrying click action, attempt #48
      waiting 500ms
      waiting for element to be visible, enabled and stable
      element is visible, enabled and stable
      scrolling into view if needed
      done scrolling
      performing click action
      &lt;html lang="en" data-framework="typescript">…&lt;/html> intercepts pointer events
    retrying click action, attempt #49
      waiting 500ms
      waiting for element to be visible, enabled and stable
      element is visible, enabled and stable
      scrolling into view if needed
      done scrolling
      performing click action
      &lt;html lang="en" data-framework="typescript">…&lt;/html> intercepts pointer events
    retrying click action, attempt #50
      waiting 500ms
      waiting for element to be visible, enabled and stable
      element is visible, enabled and stable
      scrolling into view if needed
      done scrolling
      performing click action
      &lt;html lang="en" data-framework="typescript">…&lt;/html> intercepts pointer events
    retrying click action, attempt #51
      waiting 500ms
      waiting for element to be visible, enabled and stable
      element is visible, enabled and stable
      scrolling into view if needed
      done scrolling
      performing click action
      &lt;html lang="en" data-framework="typescript">…&lt;/html> intercepts pointer events
    retrying click action, attempt #52
      waiting 500ms
      waiting for element to be visible, enabled and stable
      element is visible, enabled and stable
      scrolling into view if needed
      done scrolling
      performing click action
      &lt;html lang="en" data-framework="typescript">…&lt;/html> intercepts pointer events
    retrying click action, attempt #53
      waiting 500ms
      waiting for element to be visible, enabled and stable
      element is visible, enabled and stable
      scrolling into view if needed
      done scrolling
      performing click action
      &lt;html lang="en" data-framework="typescript">…&lt;/html> intercepts pointer events
    retrying click action, attempt #54
      waiting 500ms
      waiting for element to be visible, enabled and stable
      element is visible, enabled and stable
      scrolling into view if needed
      done scrolling
      performing click action
      &lt;html lang="en" data-framework="typescript">…&lt;/html> intercepts pointer events
    retrying click action, attempt #55
      waiting 500ms
      waiting for element to be visible, enabled and stable
      element is visible, enabled and stable
      scrolling into view if needed
      done scrolling
      performing click action
      &lt;html lang="en" data-framework="typescript">…&lt;/html> intercepts pointer events
    retrying click action, attempt #56
      waiting 500ms
    ============================================================

       99 |   test('complete all checkbox should update state when items are completed / cleared', async ({ page }) => {
      100 |     const toggleAll = page.locator('.toggle-all');
    > 101 |     await toggleAll.check();
          |                     ^
      102 |     await expect(toggleAll).toBeChecked();
      103 |     await checkNumberOfCompletedTodosInLocalStorage(page, 3);
      104 |

        at /Users/anait_airiian/Documents/anait-demo/playwright-demo/tests/example.spec.ts:101:21

    Pending operations:
      - locator.check at tests/example.spec.ts:101:21


    attachment #1: video (video/webm) --------------------------------------------------------------
    test-results/example-Mark-all-as-completed-complete-all-che-c0382-d-update-state-when-items-are-completed-cleared-Mobile-Safari/video.webm
    ------------------------------------------------------------------------------------------------

    attachment #2: trace (application/zip) ---------------------------------------------------------
    test-results/example-Mark-all-as-completed-complete-all-che-c0382-d-update-state-when-items-are-completed-cleared-Mobile-Safari/trace.zip
    Usage:

        npx playwright show-trace test-results/example-Mark-all-as-completed-complete-all-che-c0382-d-update-state-when-items-are-completed-cleared-Mobile-Safari/trace.zip

    ------------------------------------------------------------------------------------------------

    attachment #3: screenshot (image/png) ----------------------------------------------------------
    test-results/example-Mark-all-as-completed-complete-all-che-c0382-d-update-state-when-items-are-completed-cleared-Mobile-Safari/test-failed-1.png
    ------------------------------------------------------------------------------------------------

</failure>
<system-out>

[[ATTACHMENT|../test-results/example-Mark-all-as-completed-complete-all-che-c0382-d-update-state-when-items-are-completed-cleared-Mobile-Safari/video.webm]]

[[ATTACHMENT|../test-results/example-Mark-all-as-completed-complete-all-che-c0382-d-update-state-when-items-are-completed-cleared-Mobile-Safari/trace.zip]]

[[ATTACHMENT|../test-results/example-Mark-all-as-completed-complete-all-che-c0382-d-update-state-when-items-are-completed-cleared-Mobile-Safari/test-failed-1.png]]

</system-out>
</testcase>
<testcase name="Item should allow me to mark items as complete" classname="[Mobile Safari] › example.spec.ts:122:3 › Item › should allow me to mark items as complete" time="0.98">
<system-out>

[[ATTACHMENT|../test-results/example-Item-should-allow-me-to-mark-items-as-complete-Mobile-Safari/video.webm]]

[[ATTACHMENT|../test-results/example-Item-should-allow-me-to-mark-items-as-complete-Mobile-Safari/trace.zip]]

[[ATTACHMENT|../test-results/example-Item-should-allow-me-to-mark-items-as-complete-Mobile-Safari/test-finished-1.png]]

</system-out>
</testcase>
<testcase name="Item should allow me to un-mark items as complete" classname="[Mobile Safari] › example.spec.ts:144:3 › Item › should allow me to un-mark items as complete" time="1.761">
<system-out>

[[ATTACHMENT|../test-results/example-Item-should-allow-me-to-un-mark-items-as-complete-Mobile-Safari/video.webm]]

[[ATTACHMENT|../test-results/example-Item-should-allow-me-to-un-mark-items-as-complete-Mobile-Safari/trace.zip]]

[[ATTACHMENT|../test-results/example-Item-should-allow-me-to-un-mark-items-as-complete-Mobile-Safari/test-finished-1.png]]

</system-out>
</testcase>
<testcase name="Item should allow me to edit an item" classname="[Mobile Safari] › example.spec.ts:164:3 › Item › should allow me to edit an item" time="0.699">
<system-out>

[[ATTACHMENT|../test-results/example-Item-should-allow-me-to-edit-an-item-Mobile-Safari/video.webm]]

[[ATTACHMENT|../test-results/example-Item-should-allow-me-to-edit-an-item-Mobile-Safari/trace.zip]]

[[ATTACHMENT|../test-results/example-Item-should-allow-me-to-edit-an-item-Mobile-Safari/test-finished-1.png]]

</system-out>
</testcase>
<testcase name="Editing should hide other controls when editing" classname="[Mobile Safari] › example.spec.ts:190:3 › Editing › should hide other controls when editing" time="0.64">
<system-out>

[[ATTACHMENT|../test-results/example-Editing-should-hide-other-controls-when-editing-Mobile-Safari/video.webm]]

[[ATTACHMENT|../test-results/example-Editing-should-hide-other-controls-when-editing-Mobile-Safari/trace.zip]]

[[ATTACHMENT|../test-results/example-Editing-should-hide-other-controls-when-editing-Mobile-Safari/test-finished-1.png]]

</system-out>
</testcase>
<testcase name="Editing should save edits on blur" classname="[Mobile Safari] › example.spec.ts:198:3 › Editing › should save edits on blur" time="0.666">
<system-out>

[[ATTACHMENT|../test-results/example-Editing-should-save-edits-on-blur-Mobile-Safari/video.webm]]

[[ATTACHMENT|../test-results/example-Editing-should-save-edits-on-blur-Mobile-Safari/trace.zip]]

[[ATTACHMENT|../test-results/example-Editing-should-save-edits-on-blur-Mobile-Safari/test-finished-1.png]]

</system-out>
</testcase>
<testcase name="Editing should trim entered text" classname="[Mobile Safari] › example.spec.ts:212:3 › Editing › should trim entered text" time="0.716">
<system-out>

[[ATTACHMENT|../test-results/example-Editing-should-trim-entered-text-Mobile-Safari/video.webm]]

[[ATTACHMENT|../test-results/example-Editing-should-trim-entered-text-Mobile-Safari/trace.zip]]

[[ATTACHMENT|../test-results/example-Editing-should-trim-entered-text-Mobile-Safari/test-finished-1.png]]

</system-out>
</testcase>
<testcase name="Editing should remove the item if an empty text string was entered" classname="[Mobile Safari] › example.spec.ts:226:3 › Editing › should remove the item if an empty text string was entered" time="0.719">
<system-out>

[[ATTACHMENT|../test-results/example-Editing-should-remove-the-item-if-an-empty-text-string-was-entered-Mobile-Safari/video.webm]]

[[ATTACHMENT|../test-results/example-Editing-should-remove-the-item-if-an-empty-text-string-was-entered-Mobile-Safari/trace.zip]]

[[ATTACHMENT|../test-results/example-Editing-should-remove-the-item-if-an-empty-text-string-was-entered-Mobile-Safari/test-finished-1.png]]

</system-out>
</testcase>
<testcase name="Editing should cancel edits on escape" classname="[Mobile Safari] › example.spec.ts:238:3 › Editing › should cancel edits on escape" time="0.705">
<system-out>

[[ATTACHMENT|../test-results/example-Editing-should-cancel-edits-on-escape-Mobile-Safari/video.webm]]

[[ATTACHMENT|../test-results/example-Editing-should-cancel-edits-on-escape-Mobile-Safari/trace.zip]]

[[ATTACHMENT|../test-results/example-Editing-should-cancel-edits-on-escape-Mobile-Safari/test-finished-1.png]]

</system-out>
</testcase>
<testcase name="Counter should display the current number of todo items" classname="[Mobile Safari] › example.spec.ts:247:3 › Counter › should display the current number of todo items" time="0.585">
<system-out>

[[ATTACHMENT|../test-results/example-Counter-should-display-the-current-number-of-todo-items-Mobile-Safari/video.webm]]

[[ATTACHMENT|../test-results/example-Counter-should-display-the-current-number-of-todo-items-Mobile-Safari/trace.zip]]

[[ATTACHMENT|../test-results/example-Counter-should-display-the-current-number-of-todo-items-Mobile-Safari/test-finished-1.png]]

</system-out>
</testcase>
<testcase name="Clear completed button should display the correct text" classname="[Mobile Safari] › example.spec.ts:265:3 › Clear completed button › should display the correct text" time="0.64">
<system-out>

[[ATTACHMENT|../test-results/example-Clear-completed-button-should-display-the-correct-text-Mobile-Safari/video.webm]]

[[ATTACHMENT|../test-results/example-Clear-completed-button-should-display-the-correct-text-Mobile-Safari/trace.zip]]

[[ATTACHMENT|../test-results/example-Clear-completed-button-should-display-the-correct-text-Mobile-Safari/test-finished-1.png]]

</system-out>
</testcase>
<testcase name="Clear completed button should remove completed items when clicked" classname="[Mobile Safari] › example.spec.ts:270:3 › Clear completed button › should remove completed items when clicked" time="0.672">
<system-out>

[[ATTACHMENT|../test-results/example-Clear-completed-button-should-remove-completed-items-when-clicked-Mobile-Safari/video.webm]]

[[ATTACHMENT|../test-results/example-Clear-completed-button-should-remove-completed-items-when-clicked-Mobile-Safari/trace.zip]]

[[ATTACHMENT|../test-results/example-Clear-completed-button-should-remove-completed-items-when-clicked-Mobile-Safari/test-finished-1.png]]

</system-out>
</testcase>
<testcase name="Clear completed button should be hidden when there are no items that are completed" classname="[Mobile Safari] › example.spec.ts:278:3 › Clear completed button › should be hidden when there are no items that are completed" time="0.75">
<system-out>

[[ATTACHMENT|../test-results/example-Clear-completed-button-should-be-hidden-when-there-are-no-items-that-are-completed-Mobile-Safari/video.webm]]

[[ATTACHMENT|../test-results/example-Clear-completed-button-should-be-hidden-when-there-are-no-items-that-are-completed-Mobile-Safari/trace.zip]]

[[ATTACHMENT|../test-results/example-Clear-completed-button-should-be-hidden-when-there-are-no-items-that-are-completed-Mobile-Safari/test-finished-1.png]]

</system-out>
</testcase>
<testcase name="Persistence should persist its data" classname="[Mobile Safari] › example.spec.ts:286:3 › Persistence › should persist its data" time="0.684">
<system-out>

[[ATTACHMENT|../test-results/example-Persistence-should-persist-its-data-Mobile-Safari/video.webm]]

[[ATTACHMENT|../test-results/example-Persistence-should-persist-its-data-Mobile-Safari/trace.zip]]

[[ATTACHMENT|../test-results/example-Persistence-should-persist-its-data-Mobile-Safari/test-finished-1.png]]

</system-out>
</testcase>
<testcase name="Routing should allow me to display active items" classname="[Mobile Safari] › example.spec.ts:316:3 › Routing › should allow me to display active items" time="0.739">
<system-out>

[[ATTACHMENT|../test-results/example-Routing-should-allow-me-to-display-active-items-Mobile-Safari/video.webm]]

[[ATTACHMENT|../test-results/example-Routing-should-allow-me-to-display-active-items-Mobile-Safari/trace.zip]]

[[ATTACHMENT|../test-results/example-Routing-should-allow-me-to-display-active-items-Mobile-Safari/test-finished-1.png]]

</system-out>
</testcase>
<testcase name="Routing should respect the back button" classname="[Mobile Safari] › example.spec.ts:324:3 › Routing › should respect the back button" time="1.166">
<system-out>

[[ATTACHMENT|../test-results/example-Routing-should-respect-the-back-button-Mobile-Safari/video.webm]]

[[ATTACHMENT|../test-results/example-Routing-should-respect-the-back-button-Mobile-Safari/trace.zip]]

[[ATTACHMENT|../test-results/example-Routing-should-respect-the-back-button-Mobile-Safari/test-finished-1.png]]

</system-out>
</testcase>
<testcase name="Routing should allow me to display completed items" classname="[Mobile Safari] › example.spec.ts:348:3 › Routing › should allow me to display completed items" time="0.723">
<system-out>

[[ATTACHMENT|../test-results/example-Routing-should-allow-me-to-display-completed-items-Mobile-Safari/video.webm]]

[[ATTACHMENT|../test-results/example-Routing-should-allow-me-to-display-completed-items-Mobile-Safari/trace.zip]]

[[ATTACHMENT|../test-results/example-Routing-should-allow-me-to-display-completed-items-Mobile-Safari/test-finished-1.png]]

</system-out>
</testcase>
<testcase name="Routing should allow me to display all items" classname="[Mobile Safari] › example.spec.ts:355:3 › Routing › should allow me to display all items" time="1.891">
<system-out>

[[ATTACHMENT|../test-results/example-Routing-should-allow-me-to-display-all-items-Mobile-Safari/video.webm]]

[[ATTACHMENT|../test-results/example-Routing-should-allow-me-to-display-all-items-Mobile-Safari/trace.zip]]

[[ATTACHMENT|../test-results/example-Routing-should-allow-me-to-display-all-items-Mobile-Safari/test-finished-1.png]]

</system-out>
</testcase>
<testcase name="Routing should highlight the currently applied filter" classname="[Mobile Safari] › example.spec.ts:364:3 › Routing › should highlight the currently applied filter" time="1.079">
<system-out>

[[ATTACHMENT|../test-results/example-Routing-should-highlight-the-currently-applied-filter-Mobile-Safari/video.webm]]

[[ATTACHMENT|../test-results/example-Routing-should-highlight-the-currently-applied-filter-Mobile-Safari/trace.zip]]

[[ATTACHMENT|../test-results/example-Routing-should-highlight-the-currently-applied-filter-Mobile-Safari/test-finished-1.png]]

</system-out>
</testcase>
</testsuite>
</testsuites>